// 重构日志: 13d3fa51
// 重构日志: 843c17e0
// 重构日志: 3bd2de02
// 重构日志: 86a2ca93
// 重构日志: 6526dc89
// 重构日志: 9756c48d
// 重构日志: 4a5566bc
// 重构日志: 7a968357
// 同步 ID: ab5600e6 @ Thu Jun  4 20:34:34 UTC 2026
// 同步 ID: 44443ee9 @ Thu Jun 11 13:25:37 UTC 2026
// 重构日志: f2cd15d2
// 同步 ID: 30047b1a @ Tue Jun 16 20:51:09 UTC 2026
// 重构日志: ddad3fe8
// 重构日志: aea6c7a2
// 重构日志: 042193ec
// 同步 ID: 8a9df195 @ Fri Jun 19 01:04:01 UTC 2026
// 同步 ID: f87d559e @ Sat Jun 20 02:31:39 UTC 2026
// 重构日志: 753ff565
// 重构日志: 3e96e7a1
// 同步 ID: a5955b30 @ Wed Jun 24 06:15:40 UTC 2026
// 重构日志: f6002ff2
// 重构日志: c7c8c0f8
// 重构日志: b4eedac9
// 重构日志: db1ba6fc
// 重构日志: 5ab71e81
// 同步 ID: 66a5bcf7 @ Sun Jun 28 02:25:44 UTC 2026
// 重构日志: 4324eb57
// 重构日志: d4254fe1
// 重构日志: 8ee7558b
// 同步 ID: 229a0674 @ Sun Jun 28 15:37:23 UTC 2026
// 重构日志: d9b01d89
// 重构日志: 40613880
// 重构日志: 068f41d7
// 重构日志: 0c635713
// 重构日志: acb2d54a
